0 info it worked if it ends with ok
1 verbose cli [ 'C:\\Program Files\\nodejs\\\\node.exe',
1 verbose cli   'C:\\Program Files\\nodejs\\node_modules\\npm\\bin\\npm-cli.js',
1 verbose cli   'install',
1 verbose cli   'grunt-contrib-css-min',
1 verbose cli   '--save-dev' ]
2 info using npm@1.4.28
3 info using node@v0.10.36
4 verbose node symlink C:\Program Files\nodejs\\node.exe
5 warn package.json grunt-minification-package@0.1.0 No description
6 warn package.json grunt-minification-package@0.1.0 No repository field.
7 warn package.json grunt-minification-package@0.1.0 No README data
8 verbose readDependencies using package.json deps
9 verbose cache add [ 'grunt-contrib-css-min', null ]
10 verbose cache add name=undefined spec="grunt-contrib-css-min" args=["grunt-contrib-css-min",null]
11 verbose parsed url { protocol: null,
11 verbose parsed url   slashes: null,
11 verbose parsed url   auth: null,
11 verbose parsed url   host: null,
11 verbose parsed url   port: null,
11 verbose parsed url   hostname: null,
11 verbose parsed url   hash: null,
11 verbose parsed url   search: null,
11 verbose parsed url   query: null,
11 verbose parsed url   pathname: 'grunt-contrib-css-min',
11 verbose parsed url   path: 'grunt-contrib-css-min',
11 verbose parsed url   href: 'grunt-contrib-css-min' }
12 silly lockFile 1507c943-grunt-contrib-css-min grunt-contrib-css-min
13 verbose lock grunt-contrib-css-min C:\Users\Trajanovski\AppData\Roaming\npm-cache\1507c943-grunt-contrib-css-min.lock
14 silly lockFile 1507c943-grunt-contrib-css-min grunt-contrib-css-min
15 silly lockFile 1507c943-grunt-contrib-css-min grunt-contrib-css-min
16 verbose addNamed [ 'grunt-contrib-css-min', '' ]
17 verbose addNamed [ null, '*' ]
18 silly lockFile 7538610d-grunt-contrib-css-min grunt-contrib-css-min@
19 verbose lock grunt-contrib-css-min@ C:\Users\Trajanovski\AppData\Roaming\npm-cache\7538610d-grunt-contrib-css-min.lock
20 silly addNameRange { name: 'grunt-contrib-css-min', range: '*', hasData: false }
21 verbose request where is /grunt-contrib-css-min
22 verbose request registry https://registry.npmjs.org/
23 verbose request id fa5f9de31ddd84d5
24 verbose url raw /grunt-contrib-css-min
25 verbose url resolving [ 'https://registry.npmjs.org/', './grunt-contrib-css-min' ]
26 verbose url resolved https://registry.npmjs.org/grunt-contrib-css-min
27 verbose request where is https://registry.npmjs.org/grunt-contrib-css-min
28 info trying registry request attempt 1 at 22:50:47
29 http GET https://registry.npmjs.org/grunt-contrib-css-min
30 http 404 https://registry.npmjs.org/grunt-contrib-css-min
31 silly registry.get cb [ 404,
31 silly registry.get   { 'content-type': 'application/json',
31 silly registry.get     'cache-control': 'max-age=0',
31 silly registry.get     'content-length': '2',
31 silly registry.get     'accept-ranges': 'bytes',
31 silly registry.get     date: 'Wed, 03 Feb 2016 21:50:48 GMT',
31 silly registry.get     via: '1.1 varnish',
31 silly registry.get     age: '0',
31 silly registry.get     connection: 'keep-alive',
31 silly registry.get     'x-served-by': 'cache-fra1230-FRA',
31 silly registry.get     'x-cache': 'MISS',
31 silly registry.get     'x-cache-hits': '0',
31 silly registry.get     'x-timer': 'S1454536248.645177,VS0,VE110' } ]
32 silly lockFile 7538610d-grunt-contrib-css-min grunt-contrib-css-min@
33 silly lockFile 7538610d-grunt-contrib-css-min grunt-contrib-css-min@
34 error 404 Not Found
34 error 404
34 error 404 'grunt-contrib-css-min' is not in the npm registry.
34 error 404 You should bug the author to publish it
34 error 404 It was specified as a dependency of 'grunt-minification-package'
34 error 404
34 error 404 Note that you can also install from a
34 error 404 tarball, folder, or http url, or git url.
35 error System Windows_NT 6.1.7601
36 error command "C:\\Program Files\\nodejs\\\\node.exe" "C:\\Program Files\\nodejs\\node_modules\\npm\\bin\\npm-cli.js" "install" "grunt-contrib-css-min" "--save-dev"
37 error cwd D:\SPA_Projects\Grunt
38 error node -v v0.10.36
39 error npm -v 1.4.28
40 error code E404
41 verbose exit [ 1, true ]
